e:\working\mymachine\fiveaxisclear\candle2\src\ui_frmabout.h
e:\working\mymachine\fiveaxisclear\candle2\src\ui_frmmain.h
e:\working\mymachine\fiveaxisclear\candle2\src\ui_frmsettings.h
e:\working\mymachine\fiveaxisclear\candle2\src\ui_sliderbox.h
e:\working\mymachine\fiveaxisclear\candle2\src\debug\qrc_images.cpp
e:\working\mymachine\fiveaxisclear\candle2\src\debug\qrc_shaders.cpp
e:\working\mymachine\fiveaxisclear\candle2\src\debug\moc_colorpicker.cpp
e:\working\mymachine\fiveaxisclear\candle2\src\debug\moc_combobox.cpp
e:\working\mymachine\fiveaxisclear\candle2\src\debug\moc_frmabout.cpp
e:\working\mymachine\fiveaxisclear\candle2\src\debug\moc_frmmain.cpp
e:\working\mymachine\fiveaxisclear\candle2\src\debug\moc_frmsettings.cpp
e:\working\mymachine\fiveaxisclear\candle2\src\debug\moc_gcodedrawer.cpp
e:\working\mymachine\fiveaxisclear\candle2\src\debug\moc_gcodeparser.cpp
e:\working\mymachine\fiveaxisclear\candle2\src\debug\moc_gcodepreprocessorutils.cpp
e:\working\mymachine\fiveaxisclear\candle2\src\debug\moc_gcodetablemodel.cpp
e:\working\mymachine\fiveaxisclear\candle2\src\debug\moc_gcodeviewparse.cpp
e:\working\mymachine\fiveaxisclear\candle2\src\debug\moc_glwidget.cpp
e:\working\mymachine\fiveaxisclear\candle2\src\debug\moc_groupbox.cpp
e:\working\mymachine\fiveaxisclear\candle2\src\debug\moc_heightmaptablemodel.cpp
e:\working\mymachine\fiveaxisclear\candle2\src\debug\moc_scrollarea.cpp
e:\working\mymachine\fiveaxisclear\candle2\src\debug\moc_slider.cpp
e:\working\mymachine\fiveaxisclear\candle2\src\debug\moc_sliderbox.cpp
e:\working\mymachine\fiveaxisclear\candle2\src\debug\moc_widget.cpp
e:\working\mymachine\fiveaxisclear\candle2\src\debug\moc_lightwidget.cpp
e:\working\mymachine\fiveaxisclear\candle2\src\debug\frmmain_jogcontrol.obj
e:\working\mymachine\fiveaxisclear\candle2\src\debug\frmmain_event.obj
e:\working\mymachine\fiveaxisclear\candle2\src\debug\frmmain_settings.obj
e:\working\mymachine\fiveaxisclear\candle2\src\debug\frmmain_heightmap.obj
e:\working\mymachine\fiveaxisclear\candle2\src\debug\main.obj
e:\working\mymachine\fiveaxisclear\candle2\src\debug\vc142.pdb
e:\working\mymachine\fiveaxisclear\candle2\src\debug\crc.obj
e:\working\mymachine\fiveaxisclear\candle2\src\debug\colorpicker.obj
e:\working\mymachine\fiveaxisclear\candle2\src\debug\frmabout.obj
e:\working\mymachine\fiveaxisclear\candle2\src\debug\frmsettings.obj
e:\working\mymachine\fiveaxisclear\candle2\src\debug\gcodedrawer.obj
e:\working\mymachine\fiveaxisclear\candle2\src\debug\gcodeviewparse.obj
e:\working\mymachine\fiveaxisclear\candle2\src\debug\heightmapgriddrawer.obj
e:\working\mymachine\fiveaxisclear\candle2\src\debug\linesegment.obj
e:\working\mymachine\fiveaxisclear\candle2\src\debug\pointsegment.obj
e:\working\mymachine\fiveaxisclear\candle2\src\debug\selectiondrawer.obj
e:\working\mymachine\fiveaxisclear\candle2\src\debug\sliderbox.obj
e:\working\mymachine\fiveaxisclear\candle2\src\debug\grip.obj
e:\working\mymachine\fiveaxisclear\candle2\src\debug\frmmain.obj
e:\working\mymachine\fiveaxisclear\candle2\src\debug\frmmain_processresponse.obj
e:\working\mymachine\fiveaxisclear\candle2\src\debug\gcodeparser.obj
e:\working\mymachine\fiveaxisclear\candle2\src\debug\glwidget.obj
e:\working\mymachine\fiveaxisclear\candle2\src\debug\scrollarea.obj
e:\working\mymachine\fiveaxisclear\candle2\src\debug\shaderdrawable.obj
e:\working\mymachine\fiveaxisclear\candle2\src\debug\widget.obj
e:\working\mymachine\fiveaxisclear\candle2\src\debug\serialinterface.obj
e:\working\mymachine\fiveaxisclear\candle2\src\debug\comboboxkey.obj
e:\working\mymachine\fiveaxisclear\candle2\src\debug\frmmain_util.obj
e:\working\mymachine\fiveaxisclear\candle2\src\debug\gcodetablemodel.obj
e:\working\mymachine\fiveaxisclear\candle2\src\debug\grbl1_1.obj
e:\working\mymachine\fiveaxisclear\candle2\src\debug\groupbox.obj
e:\working\mymachine\fiveaxisclear\candle2\src\debug\heightmapinterpolationdrawer.obj
e:\working\mymachine\fiveaxisclear\candle2\src\debug\origindrawer.obj
e:\working\mymachine\fiveaxisclear\candle2\src\debug\slider.obj
e:\working\mymachine\fiveaxisclear\candle2\src\debug\styledtoolbutton.obj
e:\working\mymachine\fiveaxisclear\candle2\src\debug\arcproperties.obj
e:\working\mymachine\fiveaxisclear\candle2\src\debug\combobox.obj
e:\working\mymachine\fiveaxisclear\candle2\src\debug\gcodepreprocessorutils.obj
e:\working\mymachine\fiveaxisclear\candle2\src\debug\heightmapborderdrawer.obj
e:\working\mymachine\fiveaxisclear\candle2\src\debug\heightmaptablemodel.obj
e:\working\mymachine\fiveaxisclear\candle2\src\debug\tooldrawer.obj
e:\working\mymachine\fiveaxisclear\candle2\src\debug\qrc_shaders.obj
e:\working\mymachine\fiveaxisclear\candle2\src\debug\qrc_images.obj
e:\working\mymachine\fiveaxisclear\candle2\src\debug\moc_combobox.obj
e:\working\mymachine\fiveaxisclear\candle2\src\debug\moc_gcodeparser.obj
e:\working\mymachine\fiveaxisclear\candle2\src\debug\moc_gcodetablemodel.obj
e:\working\mymachine\fiveaxisclear\candle2\src\debug\moc_glwidget.obj
e:\working\mymachine\fiveaxisclear\candle2\src\debug\moc_widget.obj
e:\working\mymachine\fiveaxisclear\candle2\src\debug\moc_frmmain.obj
e:\working\mymachine\fiveaxisclear\candle2\src\debug\moc_heightmaptablemodel.obj
e:\working\mymachine\fiveaxisclear\candle2\src\debug\moc_sliderbox.obj
e:\working\mymachine\fiveaxisclear\candle2\src\debug\moc_colorpicker.obj
e:\working\mymachine\fiveaxisclear\candle2\src\debug\moc_frmsettings.obj
e:\working\mymachine\fiveaxisclear\candle2\src\debug\moc_gcodepreprocessorutils.obj
e:\working\mymachine\fiveaxisclear\candle2\src\debug\moc_groupbox.obj
e:\working\mymachine\fiveaxisclear\candle2\src\debug\moc_slider.obj
e:\working\mymachine\fiveaxisclear\candle2\src\debug\moc_frmabout.obj
e:\working\mymachine\fiveaxisclear\candle2\src\debug\moc_gcodedrawer.obj
e:\working\mymachine\fiveaxisclear\candle2\src\debug\moc_gcodeviewparse.obj
e:\working\mymachine\fiveaxisclear\candle2\src\debug\moc_scrollarea.obj
e:\working\mymachine\fiveaxisclear\candle2\src\debug\moc_lightwidget.obj
e:\working\mymachine\fiveaxisclear\candle2\src\debug\moc_predefs.h
e:\working\mymachine\fiveaxisclear\candle2\src\debug\candle2.exe
e:\working\mymachine\fiveaxisclear\candle2\src\debug\candle2.ilk
e:\working\mymachine\fiveaxisclear\candle2\src\debug\candle2.pdb
e:\working\mymachine\fiveaxisclear\candle2\src\debug\candle2_resource.res
e:\working\mymachine\fiveaxisclear\candle2\src\debug\candle2.tlog\candle2.write.1u.tlog
e:\working\mymachine\fiveaxisclear\candle2\src\debug\candle2.tlog\cl.command.1.tlog
e:\working\mymachine\fiveaxisclear\candle2\src\debug\candle2.tlog\cl.read.1.tlog
e:\working\mymachine\fiveaxisclear\candle2\src\debug\candle2.tlog\cl.write.1.tlog
e:\working\mymachine\fiveaxisclear\candle2\src\debug\candle2.tlog\custombuild.command.1.tlog
e:\working\mymachine\fiveaxisclear\candle2\src\debug\candle2.tlog\custombuild.read.1.tlog
e:\working\mymachine\fiveaxisclear\candle2\src\debug\candle2.tlog\custombuild.write.1.tlog
e:\working\mymachine\fiveaxisclear\candle2\src\debug\candle2.tlog\link.command.1.tlog
e:\working\mymachine\fiveaxisclear\candle2\src\debug\candle2.tlog\link.read.1.tlog
e:\working\mymachine\fiveaxisclear\candle2\src\debug\candle2.tlog\link.write.1.tlog
e:\working\mymachine\fiveaxisclear\candle2\src\debug\candle2.tlog\moc.read.1u.tlog
e:\working\mymachine\fiveaxisclear\candle2\src\debug\candle2.tlog\moc.write.1u.tlog
e:\working\mymachine\fiveaxisclear\candle2\src\debug\candle2.tlog\rc.command.1.tlog
e:\working\mymachine\fiveaxisclear\candle2\src\debug\candle2.tlog\rc.read.1.tlog
e:\working\mymachine\fiveaxisclear\candle2\src\debug\candle2.tlog\rc.write.1.tlog
e:\working\mymachine\fiveaxisclear\candle2\src\debug\candle2.tlog\rcc.read.1u.tlog
e:\working\mymachine\fiveaxisclear\candle2\src\debug\candle2.tlog\rcc.write.1u.tlog
e:\working\mymachine\fiveaxisclear\candle2\src\debug\candle2.tlog\uic.read.1u.tlog
e:\working\mymachine\fiveaxisclear\candle2\src\debug\candle2.tlog\uic.write.1u.tlog
